c:\users\victo\desktop\moteur\omega-engine\omega\ogrendering\obj\x64\debug\imgui_draw.obj
c:\users\victo\desktop\moteur\omega-engine\omega\ogrendering\obj\x64\debug\model.obj
c:\users\victo\desktop\moteur\omega-engine\omega\ogrendering\obj\x64\debug\imgui_widgets.obj
c:\users\victo\desktop\moteur\omega-engine\omega\ogrendering\obj\x64\debug\modelrasterization.obj
c:\users\victo\desktop\moteur\omega-engine\omega\ogrendering\obj\x64\debug\resourcemanager.obj
c:\users\victo\desktop\moteur\omega-engine\omega\ogrendering\obj\x64\debug\renderer.obj
c:\users\victo\desktop\moteur\omega-engine\omega\ogrendering\obj\x64\debug\denoiser.obj
c:\users\victo\desktop\moteur\omega-engine\omega\ogrendering\obj\x64\debug\stb_image.obj
c:\users\victo\desktop\moteur\omega-engine\omega\ogrendering\obj\x64\debug\mesh.obj
c:\users\victo\desktop\moteur\omega-engine\omega\ogrendering\obj\x64\debug\imgui_impl_vulkan.obj
c:\users\victo\desktop\moteur\omega-engine\omega\ogrendering\obj\x64\debug\vulkancontext.obj
c:\users\victo\desktop\moteur\omega-engine\omega\ogrendering\obj\x64\debug\imgui_demo.obj
c:\users\victo\desktop\moteur\omega-engine\omega\ogrendering\obj\x64\debug\objectinstance.obj
c:\users\victo\desktop\moteur\omega-engine\omega\ogrendering\obj\x64\debug\textureservice.obj
c:\users\victo\desktop\moteur\omega-engine\omega\ogrendering\obj\x64\debug\imgui.obj
c:\users\victo\desktop\moteur\omega-engine\omega\ogrendering\obj\x64\debug\vertex.obj
c:\users\victo\desktop\moteur\omega-engine\omega\ogrendering\obj\x64\debug\rasterizerpipeline.obj
c:\users\victo\desktop\moteur\omega-engine\omega\ogrendering\obj\x64\debug\inputmanager.obj
c:\users\victo\desktop\moteur\omega-engine\omega\ogrendering\obj\x64\debug\raytracingpipeline.obj
c:\users\victo\desktop\moteur\omega-engine\omega\ogrendering\obj\x64\debug\imgui_impl_glfw.obj
c:\users\victo\desktop\moteur\omega-engine\omega\ogrendering\obj\x64\debug\texture.obj
c:\users\victo\desktop\moteur\omega-engine\omega\ogrendering\obj\x64\debug\threadpool.obj
c:\users\victo\desktop\moteur\omega-engine\omega\ogrendering\obj\x64\debug\meshservice.obj
c:\users\victo\desktop\moteur\omega-engine\omega\ogrendering\obj\x64\debug\shaderloader.obj
c:\users\victo\desktop\moteur\omega-engine\omega\ogrendering\obj\x64\debug\loadermanager.obj
c:\users\victo\desktop\moteur\omega-engine\omega\ogrendering\obj\x64\debug\vc142.pdb
c:\users\victo\desktop\moteur\omega-engine\omega\dll\ogrendering\x64\debug\ogrendering.ilk
c:\users\victo\desktop\moteur\omega-engine\omega\dll\ogrendering\x64\debug\ogrendering.dll
c:\users\victo\desktop\moteur\omega-engine\omega\dll\ogrendering\x64\debug\ogrendering.pdb
c:\users\victo\desktop\moteur\omega-engine\omega\dll\ogrendering\x64\debug\ogrendering.lib
c:\users\victo\desktop\moteur\omega-engine\omega\dll\ogrendering\x64\debug\ogrendering.exp
c:\users\victo\desktop\moteur\omega-engine\omega\ogrendering\obj\x64\debug\vc142.idb
c:\users\victo\desktop\moteur\omega-engine\omega\ogrendering\obj\x64\debug\ogrendering.tlog\cl.20732.write.1.tlog
c:\users\victo\desktop\moteur\omega-engine\omega\ogrendering\obj\x64\debug\ogrendering.tlog\cl.command.1.tlog
c:\users\victo\desktop\moteur\omega-engine\omega\ogrendering\obj\x64\debug\ogrendering.tlog\cl.read.1.tlog
c:\users\victo\desktop\moteur\omega-engine\omega\ogrendering\obj\x64\debug\ogrendering.tlog\link.command.1.tlog
c:\users\victo\desktop\moteur\omega-engine\omega\ogrendering\obj\x64\debug\ogrendering.tlog\link.read.1.tlog
c:\users\victo\desktop\moteur\omega-engine\omega\ogrendering\obj\x64\debug\ogrendering.tlog\link.write.1.tlog
c:\users\victo\desktop\moteur\omega-engine\omega\ogrendering\obj\x64\debug\ogrendering.tlog\ogrendering.write.1u.tlog
