  Un sous-répertoire ou un fichier bin existe déjà.
  Glslang Version: 8.13.3727
  ESSL Version: OpenGL ES GLSL 3.20 glslang Khronos. 13.3727
  GLSL Version: 4.60 glslang Khronos. 13.3727
  SPIR-V Version 0x00010500, Revision 1
  GLSL.std.450 Version 100, Revision 1
  Khronos Tool ID 8
  SPIR-V Generator Version 8
  GL_KHR_vulkan_glsl version 100
  ARB_GL_gl_spirv version 100
  ray_gen.rgen
  ray_chit.rchit
  ray_miss.rmiss
  ray_shadow.rmiss
  rast_vert.vert
  rast_frag.frag
  Appuyez sur une touche pour continuer... 
  InputManager.cpp
  imgui.cpp
  imgui_demo.cpp
  imgui_draw.cpp
  imgui_impl_glfw.cpp
  imgui_impl_vulkan.cpp
  imgui_widgets.cpp
  ShaderLoader.cpp
  TextureService.cpp
  Denoiser.cpp
  RasterizerPipeline.cpp
  RaytracingPipeline.cpp
  LoaderManager.cpp
  ResourceManager.cpp
  MeshService.cpp
  Renderer.cpp
  stb_image.cpp
  VulkanContext.cpp
  ObjectInstance.cpp
  Mesh.cpp
  Model.cpp
  ModelRasterization.cpp
  Texture.cpp
  Vertex.cpp
  ThreadPool.cpp
C:\Users\victo\Desktop\Moteur\Omega-Engine\Omega\OgRendering\src\OgRendering\Managers\Services\MeshService.cpp(87,1): warning C4506: no definition for inline function 'bool OgEngine::LoaderManager::CheckValidMesh(const std::string_view)'
C:\Users\victo\Desktop\Moteur\Omega-Engine\Omega\OgRendering\src\OgRendering\Rendering\RaytracingPipeline.cpp(319,119): warning C4267: 'argument': conversion from 'size_t' to 'uint32_t', possible loss of data
C:\Users\victo\Desktop\Moteur\Omega-Engine\Omega\OgRendering\src\OgRendering\Rendering\RaytracingPipeline.cpp(732,16): warning C4244: 'initializing': conversion from '__int64' to 'int', possible loss of data
C:\Users\victo\Desktop\Moteur\Omega-Engine\Omega\OgRendering\src\OgRendering\Rendering\RaytracingPipeline.cpp(775,21): warning C4244: 'initializing': conversion from '__int64' to 'int', possible loss of data
C:\Users\victo\Desktop\Moteur\Omega-Engine\Omega\OgRendering\src\OgRendering\Rendering\RaytracingPipeline.cpp(833,70): warning C4267: 'argument': conversion from 'size_t' to 'uint32_t', possible loss of data
C:\Users\victo\Desktop\Moteur\Omega-Engine\Omega\OgRendering\src\OgRendering\Rendering\RaytracingPipeline.cpp(857,49): warning C4267: '=': conversion from 'size_t' to 'uint32_t', possible loss of data
C:\Users\victo\Desktop\Moteur\Omega-Engine\Omega\OgRendering\src\OgRendering\Rendering\RaytracingPipeline.cpp(1001,119): warning C4267: 'argument': conversion from 'size_t' to 'uint32_t', possible loss of data
C:\Users\victo\Desktop\Moteur\Omega-Engine\Omega\OgRendering\src\OgRendering\Rendering\RaytracingPipeline.cpp(1320,26): warning C4244: '=': conversion from 'int' to 'T', possible loss of data
          with
          [
              T=float
          ]
C:\Users\victo\Desktop\Moteur\Omega-Engine\Omega\OgRendering\src\OgRendering\Rendering\RaytracingPipeline.cpp(1331,16): warning C4244: 'initializing': conversion from '__int64' to 'int', possible loss of data
C:\Users\victo\Desktop\Moteur\Omega-Engine\Omega\OgRendering\src\OgRendering\Rendering\RaytracingPipeline.cpp(1363,29): warning C4244: 'return': conversion from '__int64' to 'int', possible loss of data
C:\Users\victo\Desktop\Moteur\Omega-Engine\Omega\OgRendering\src\OgRendering\Rendering\RaytracingPipeline.cpp(1377,29): warning C4244: 'return': conversion from '__int64' to 'int', possible loss of data
C:\Users\victo\Desktop\Moteur\Omega-Engine\Omega\OgRendering\src\OgRendering\Rendering\RaytracingPipeline.cpp(1394,18): warning C4244: '=': conversion from 'int' to 'T', possible loss of data
          with
          [
              T=float
          ]
C:\Users\victo\Desktop\Moteur\Omega-Engine\Omega\OgRendering\src\OgRendering\Rendering\RaytracingPipeline.cpp(1941,67): warning C4267: 'argument': conversion from 'size_t' to 'uint32_t', possible loss of data
C:\Users\victo\Desktop\Moteur\Omega-Engine\Omega\OgRendering\src\OgRendering\Rendering\RaytracingPipeline.cpp(1967,50): warning C4267: '=': conversion from 'size_t' to 'uint32_t', possible loss of data
C:\Users\victo\Desktop\Moteur\Omega-Engine\Omega\OgRendering\src\OgRendering\Rendering\RaytracingPipeline.cpp(2113,119): warning C4267: 'argument': conversion from 'size_t' to 'uint32_t', possible loss of data
C:\Users\victo\Desktop\Moteur\Omega-Engine\Omega\OgRendering\src\OgRendering\Rendering\RaytracingPipeline.cpp(2421,29): warning C4244: 'return': conversion from '__int64' to 'int', possible loss of data
C:\Users\victo\Desktop\Moteur\Omega-Engine\Omega\OgRendering\src\OgRendering\Rendering\RaytracingPipeline.cpp(2902,39): warning C4244: '=': conversion from 'int' to 'T', possible loss of data
          with
          [
              T=float
          ]
C:\Users\victo\Desktop\Moteur\Omega-Engine\Omega\OgRendering\src\OgRendering\Rendering\RaytracingPipeline.cpp(2903,40): warning C4244: '=': conversion from 'unsigned __int64' to 'T', possible loss of data
          with
          [
              T=float
          ]
     Creating library C:\Users\victo\Desktop\Moteur\Omega-Engine\Omega\dll\OgRendering\x64\Release\OgRendering.lib and object C:\Users\victo\Desktop\Moteur\Omega-Engine\Omega\dll\OgRendering\x64\Release\OgRendering.exp
  Generating code
  Previous IPDB not found, fall back to full compilation.
  All 5919 functions were compiled because no usable IPDB/IOBJ from previous compilation was found.
  Finished generating code
  OgRendering.vcxproj -> C:\Users\victo\Desktop\Moteur\Omega-Engine\Omega\dll\OgRendering\x64\Release\OgRendering.dll
