  C:\Users\victo\Desktop\Moteur\Omega-Engine\Omega\Resources\models\batman.obj
  C:\Users\victo\Desktop\Moteur\Omega-Engine\Omega\Resources\models\chalet.obj
  C:\Users\victo\Desktop\Moteur\Omega-Engine\Omega\Resources\models\link.mtl
  C:\Users\victo\Desktop\Moteur\Omega-Engine\Omega\Resources\models\link.obj
  C:\Users\victo\Desktop\Moteur\Omega-Engine\Omega\Resources\models\lucy.mtl
  C:\Users\victo\Desktop\Moteur\Omega-Engine\Omega\Resources\models\lucy.obj
  C:\Users\victo\Desktop\Moteur\Omega-Engine\Omega\Resources\models\plane.mtl
  C:\Users\victo\Desktop\Moteur\Omega-Engine\Omega\Resources\models\plane.obj
  C:\Users\victo\Desktop\Moteur\Omega-Engine\Omega\Resources\models\Richier01.OBJ
  C:\Users\victo\Desktop\Moteur\Omega-Engine\Omega\Resources\models\skeleton.obj
  C:\Users\victo\Desktop\Moteur\Omega-Engine\Omega\Resources\models\sphere.mtl
  C:\Users\victo\Desktop\Moteur\Omega-Engine\Omega\Resources\models\sphere.obj
  C:\Users\victo\Desktop\Moteur\Omega-Engine\Omega\Resources\models\statue.obj
  C:\Users\victo\Desktop\Moteur\Omega-Engine\Omega\Resources\shaders\compileShaders.bat
  C:\Users\victo\Desktop\Moteur\Omega-Engine\Omega\Resources\shaders\glslangValidator.exe
  C:\Users\victo\Desktop\Moteur\Omega-Engine\Omega\Resources\shaders\helpers.glsl
  C:\Users\victo\Desktop\Moteur\Omega-Engine\Omega\Resources\shaders\payload.glsl
  C:\Users\victo\Desktop\Moteur\Omega-Engine\Omega\Resources\shaders\random.glsl
  C:\Users\victo\Desktop\Moteur\Omega-Engine\Omega\Resources\shaders\rast_frag.frag
  C:\Users\victo\Desktop\Moteur\Omega-Engine\Omega\Resources\shaders\rast_vert.vert
  C:\Users\victo\Desktop\Moteur\Omega-Engine\Omega\Resources\shaders\ray_chit.rchit
  C:\Users\victo\Desktop\Moteur\Omega-Engine\Omega\Resources\shaders\ray_gen.rgen
  C:\Users\victo\Desktop\Moteur\Omega-Engine\Omega\Resources\shaders\ray_miss.rmiss
  C:\Users\victo\Desktop\Moteur\Omega-Engine\Omega\Resources\shaders\ray_shadow.rmiss
  C:\Users\victo\Desktop\Moteur\Omega-Engine\Omega\Resources\shaders\ray_smiss.glsl
  C:\Users\victo\Desktop\Moteur\Omega-Engine\Omega\Resources\shaders\ray_smiss.rmiss
  C:\Users\victo\Desktop\Moteur\Omega-Engine\Omega\Resources\shaders\test
  C:\Users\victo\Desktop\Moteur\Omega-Engine\Omega\Resources\shaders\bin\rast_frag.spv
  C:\Users\victo\Desktop\Moteur\Omega-Engine\Omega\Resources\shaders\bin\rast_vert.spv
  C:\Users\victo\Desktop\Moteur\Omega-Engine\Omega\Resources\shaders\bin\ray_chit.spv
  C:\Users\victo\Desktop\Moteur\Omega-Engine\Omega\Resources\shaders\bin\ray_gen.spv
  C:\Users\victo\Desktop\Moteur\Omega-Engine\Omega\Resources\shaders\bin\ray_miss.spv
  C:\Users\victo\Desktop\Moteur\Omega-Engine\Omega\Resources\shaders\bin\ray_shadow.spv
  C:\Users\victo\Desktop\Moteur\Omega-Engine\Omega\Resources\shaders\bin\ray_smiss.spv
  C:\Users\victo\Desktop\Moteur\Omega-Engine\Omega\Resources\shaders\old\frag.spv
  C:\Users\victo\Desktop\Moteur\Omega-Engine\Omega\Resources\shaders\old\fshader.frag
  C:\Users\victo\Desktop\Moteur\Omega-Engine\Omega\Resources\shaders\old\vert.spv
  C:\Users\victo\Desktop\Moteur\Omega-Engine\Omega\Resources\shaders\old\vshader.vert
  C:\Users\victo\Desktop\Moteur\Omega-Engine\Omega\Resources\textures\chalet.jpg
  C:\Users\victo\Desktop\Moteur\Omega-Engine\Omega\Resources\textures\clock_bomb.tga
  C:\Users\victo\Desktop\Moteur\Omega-Engine\Omega\Resources\textures\default.png
  C:\Users\victo\Desktop\Moteur\Omega-Engine\Omega\Resources\textures\error.png
  C:\Users\victo\Desktop\Moteur\Omega-Engine\Omega\Resources\textures\link.png
  C:\Users\victo\Desktop\Moteur\Omega-Engine\Omega\Resources\textures\peach.png
  C:\Users\victo\Desktop\Moteur\Omega-Engine\Omega\Resources\textures\sheik.png
  C:\Users\victo\Desktop\Moteur\Omega-Engine\Omega\Resources\textures\statue_face.jpg
  C:\Users\victo\Desktop\Moteur\Omega-Engine\Omega\Resources\textures\Terracota_Tiles_003_ambientOcclusion.jpg
  C:\Users\victo\Desktop\Moteur\Omega-Engine\Omega\Resources\textures\Terracota_Tiles_003_basecolor.png
  C:\Users\victo\Desktop\Moteur\Omega-Engine\Omega\Resources\textures\Terracota_Tiles_003_height.png
  C:\Users\victo\Desktop\Moteur\Omega-Engine\Omega\Resources\textures\Terracota_Tiles_003_normal.png
  C:\Users\victo\Desktop\Moteur\Omega-Engine\Omega\Resources\textures\Terracota_Tiles_003_roughness.jpg
  C:\Users\victo\Desktop\Moteur\Omega-Engine\Omega\Resources\textures\texture.jpg
  52 fichier(s) copié(s)
  C:\Users\victo\Desktop\Moteur\Omega-Engine\Omega\Resources\models\batman.obj
  C:\Users\victo\Desktop\Moteur\Omega-Engine\Omega\Resources\models\chalet.obj
  C:\Users\victo\Desktop\Moteur\Omega-Engine\Omega\Resources\models\link.mtl
  C:\Users\victo\Desktop\Moteur\Omega-Engine\Omega\Resources\models\link.obj
  C:\Users\victo\Desktop\Moteur\Omega-Engine\Omega\Resources\models\lucy.mtl
  C:\Users\victo\Desktop\Moteur\Omega-Engine\Omega\Resources\models\lucy.obj
  C:\Users\victo\Desktop\Moteur\Omega-Engine\Omega\Resources\models\plane.mtl
  C:\Users\victo\Desktop\Moteur\Omega-Engine\Omega\Resources\models\plane.obj
  C:\Users\victo\Desktop\Moteur\Omega-Engine\Omega\Resources\models\Richier01.OBJ
  C:\Users\victo\Desktop\Moteur\Omega-Engine\Omega\Resources\models\skeleton.obj
  C:\Users\victo\Desktop\Moteur\Omega-Engine\Omega\Resources\models\sphere.mtl
  C:\Users\victo\Desktop\Moteur\Omega-Engine\Omega\Resources\models\sphere.obj
  C:\Users\victo\Desktop\Moteur\Omega-Engine\Omega\Resources\models\statue.obj
  C:\Users\victo\Desktop\Moteur\Omega-Engine\Omega\Resources\shaders\compileShaders.bat
  C:\Users\victo\Desktop\Moteur\Omega-Engine\Omega\Resources\shaders\glslangValidator.exe
  C:\Users\victo\Desktop\Moteur\Omega-Engine\Omega\Resources\shaders\helpers.glsl
  C:\Users\victo\Desktop\Moteur\Omega-Engine\Omega\Resources\shaders\payload.glsl
  C:\Users\victo\Desktop\Moteur\Omega-Engine\Omega\Resources\shaders\random.glsl
  C:\Users\victo\Desktop\Moteur\Omega-Engine\Omega\Resources\shaders\rast_frag.frag
  C:\Users\victo\Desktop\Moteur\Omega-Engine\Omega\Resources\shaders\rast_vert.vert
  C:\Users\victo\Desktop\Moteur\Omega-Engine\Omega\Resources\shaders\ray_chit.rchit
  C:\Users\victo\Desktop\Moteur\Omega-Engine\Omega\Resources\shaders\ray_gen.rgen
  C:\Users\victo\Desktop\Moteur\Omega-Engine\Omega\Resources\shaders\ray_miss.rmiss
  C:\Users\victo\Desktop\Moteur\Omega-Engine\Omega\Resources\shaders\ray_shadow.rmiss
  C:\Users\victo\Desktop\Moteur\Omega-Engine\Omega\Resources\shaders\ray_smiss.glsl
  C:\Users\victo\Desktop\Moteur\Omega-Engine\Omega\Resources\shaders\ray_smiss.rmiss
  C:\Users\victo\Desktop\Moteur\Omega-Engine\Omega\Resources\shaders\test
  C:\Users\victo\Desktop\Moteur\Omega-Engine\Omega\Resources\shaders\bin\rast_frag.spv
  C:\Users\victo\Desktop\Moteur\Omega-Engine\Omega\Resources\shaders\bin\rast_vert.spv
  C:\Users\victo\Desktop\Moteur\Omega-Engine\Omega\Resources\shaders\bin\ray_chit.spv
  C:\Users\victo\Desktop\Moteur\Omega-Engine\Omega\Resources\shaders\bin\ray_gen.spv
  C:\Users\victo\Desktop\Moteur\Omega-Engine\Omega\Resources\shaders\bin\ray_miss.spv
  C:\Users\victo\Desktop\Moteur\Omega-Engine\Omega\Resources\shaders\bin\ray_shadow.spv
  C:\Users\victo\Desktop\Moteur\Omega-Engine\Omega\Resources\shaders\bin\ray_smiss.spv
  C:\Users\victo\Desktop\Moteur\Omega-Engine\Omega\Resources\shaders\old\frag.spv
  C:\Users\victo\Desktop\Moteur\Omega-Engine\Omega\Resources\shaders\old\fshader.frag
  C:\Users\victo\Desktop\Moteur\Omega-Engine\Omega\Resources\shaders\old\vert.spv
  C:\Users\victo\Desktop\Moteur\Omega-Engine\Omega\Resources\shaders\old\vshader.vert
  C:\Users\victo\Desktop\Moteur\Omega-Engine\Omega\Resources\textures\chalet.jpg
  C:\Users\victo\Desktop\Moteur\Omega-Engine\Omega\Resources\textures\clock_bomb.tga
  C:\Users\victo\Desktop\Moteur\Omega-Engine\Omega\Resources\textures\default.png
  C:\Users\victo\Desktop\Moteur\Omega-Engine\Omega\Resources\textures\error.png
  C:\Users\victo\Desktop\Moteur\Omega-Engine\Omega\Resources\textures\link.png
  C:\Users\victo\Desktop\Moteur\Omega-Engine\Omega\Resources\textures\peach.png
  C:\Users\victo\Desktop\Moteur\Omega-Engine\Omega\Resources\textures\sheik.png
  C:\Users\victo\Desktop\Moteur\Omega-Engine\Omega\Resources\textures\statue_face.jpg
  C:\Users\victo\Desktop\Moteur\Omega-Engine\Omega\Resources\textures\Terracota_Tiles_003_ambientOcclusion.jpg
  C:\Users\victo\Desktop\Moteur\Omega-Engine\Omega\Resources\textures\Terracota_Tiles_003_basecolor.png
  C:\Users\victo\Desktop\Moteur\Omega-Engine\Omega\Resources\textures\Terracota_Tiles_003_height.png
  C:\Users\victo\Desktop\Moteur\Omega-Engine\Omega\Resources\textures\Terracota_Tiles_003_normal.png
  C:\Users\victo\Desktop\Moteur\Omega-Engine\Omega\Resources\textures\Terracota_Tiles_003_roughness.jpg
  C:\Users\victo\Desktop\Moteur\Omega-Engine\Omega\Resources\textures\texture.jpg
  52 fichier(s) copié(s)
  C:\Users\victo\Desktop\Moteur\Omega-Engine\Omega\OgCore\imgui.ini
  1 fichier(s) copié(s)
  imgui.cpp
  imgui_demo.cpp
  imgui_draw.cpp
  imgui_impl_glfw.cpp
  imgui_impl_vulkan.cpp
  imgui_widgets.cpp
  Editor.cpp
C:\Program Files (x86)\Windows Kits\10\Include\10.0.18362.0\shared\minwindef.h(130,1): warning C4005: 'APIENTRY': macro redefinition (compiling source file src\Editor.cpp)
C:\Users\victo\Desktop\Moteur\Omega-Engine\Omega\Dependencies\glfw\include\GLFW\glfw3.h(123): message : see previous definition of 'APIENTRY' (compiling source file src\Editor.cpp)
C:\Users\victo\Desktop\Moteur\Omega-Engine\Omega\OgEditor\src\Editor.cpp(26,24): warning C4244: 'argument': conversion from 'float' to 'int', possible loss of data
C:\Users\victo\Desktop\Moteur\Omega-Engine\Omega\OgEditor\src\Editor.cpp(499,17): warning C4244: 'initializing': conversion from '__int64' to 'int', possible loss of data
C:\Users\victo\Desktop\Moteur\Omega-Engine\Omega\OgEditor\src\Editor.cpp(512,19): warning C4244: 'initializing': conversion from '__int64' to 'int', possible loss of data
C:\Users\victo\Desktop\Moteur\Omega-Engine\Omega\OgEditor\src\Editor.cpp(534,17): warning C4244: 'initializing': conversion from '__int64' to 'int', possible loss of data
C:\Users\victo\Desktop\Moteur\Omega-Engine\Omega\OgEditor\src\Editor.cpp(551,19): warning C4244: 'initializing': conversion from '__int64' to 'int', possible loss of data
C:\Users\victo\Desktop\Moteur\Omega-Engine\Omega\OgEditor\src\Editor.cpp(619,110): warning C4305: 'argument': truncation from 'double' to 'float'
C:\Users\victo\Desktop\Moteur\Omega-Engine\Omega\OgEditor\src\Editor.cpp(628,101): warning C4305: 'argument': truncation from 'double' to 'float'
  Fichier introuvable - OgCore.dll
  0 fichier(s) copié(s)
  C:\Users\victo\Desktop\Moteur\Omega-Engine\Omega\dll\OgAudio\x64\Release\OgAudio.dll
  1 fichier(s) copié(s)
  C:\Users\victo\Desktop\Moteur\Omega-Engine\Omega\dll\OgRendering\x64\Release\OgRendering.dll
  1 fichier(s) copié(s)
  C:\Users\victo\Desktop\Moteur\Omega-Engine\Omega\dll\OgPhysics\x64\Release\OgPhysics.dll
  1 fichier(s) copié(s)
LINK : fatal error LNK1181: cannot open input file 'C:\Users\victo\Desktop\Moteur\Omega-Engine\Omega\dll\OgCore\x64\Release\OgCore.lib'
